Build started 24.5.2020 17:17:25.
     1>Project "C:\Users\ilyas\Desktop\COMP124_ANSI_C\VS_projects_solution\find_turkish_char\find_turkish_char\find_turkish_char\find_turkish_char.vcxproj" on node 2 (Build target(s)).
     1>ClCompile:
         C:\Program Files (x86)\Microsoft Visual Studio 12.0\VC\bin\CL.exe /c /ZI /nologo /W3 /WX- /Od /Oy- /D "WIN32" /D _DEBUG /D _CONSOLE /D "_LIB" /D _MBCS /Gm /EHsc /RTC1 /MDd /GS /fp:precise /Zc:wchar_t /Zc:forScope /Fo"Debug\\" /Fd"Debug\vc120.pdb" /Gd /TC /analyze- /errorReport:prompt main.c
         main.c
     1>c:\users\ilyas\desktop\comp124_ansi_c\vs_projects_solution\find_turkish_char\find_turkish_char\find_turkish_char\main.c(72): warning C4047: 'function' : 'char *' differs in levels of indirection from 'char (*)[100]'
     1>c:\users\ilyas\desktop\comp124_ansi_c\vs_projects_solution\find_turkish_char\find_turkish_char\find_turkish_char\main.c(72): warning C4024: 'gets' : different types for formal and actual parameter 1
     1>c:\users\ilyas\desktop\comp124_ansi_c\vs_projects_solution\find_turkish_char\find_turkish_char\find_turkish_char\main.c(72): warning C4996: 'gets': This function or variable may be unsafe. Consider using gets_s instead. To disable deprecation, use _CRT_SECURE_NO_WARNINGS. See online help for details.
                 c:\program files (x86)\microsoft visual studio 12.0\vc\include\stdio.h(254) : see declaration of 'gets'
     1>c:\users\ilyas\desktop\comp124_ansi_c\vs_projects_solution\find_turkish_char\find_turkish_char\find_turkish_char\main.c(106): warning C4047: 'function' : 'char *' differs in levels of indirection from 'char (*)[100]'
     1>c:\users\ilyas\desktop\comp124_ansi_c\vs_projects_solution\find_turkish_char\find_turkish_char\find_turkish_char\main.c(106): warning C4024: 'gets' : different types for formal and actual parameter 1
     1>c:\users\ilyas\desktop\comp124_ansi_c\vs_projects_solution\find_turkish_char\find_turkish_char\find_turkish_char\main.c(106): warning C4996: 'gets': This function or variable may be unsafe. Consider using gets_s instead. To disable deprecation, use _CRT_SECURE_NO_WARNINGS. See online help for details.
                 c:\program files (x86)\microsoft visual studio 12.0\vc\include\stdio.h(254) : see declaration of 'gets'
     1>c:\users\ilyas\desktop\comp124_ansi_c\vs_projects_solution\find_turkish_char\find_turkish_char\find_turkish_char\main.c(133): warning C4996: 'getch': The POSIX name for this item is deprecated. Instead, use the ISO C++ conformant name: _getch. See online help for details.
                 c:\program files (x86)\microsoft visual studio 12.0\vc\include\conio.h(131) : see declaration of 'getch'
       Link:
         C:\Program Files (x86)\Microsoft Visual Studio 12.0\VC\bin\link.exe /ERRORREPORT:PROMPT /OUT:"C:\Users\ilyas\Desktop\COMP124_ANSI_C\VS_projects_solution\find_turkish_char\find_turkish_char\Debug\find_turkish_char.exe" /INCREMENTAL /NOLOGO kernel32.lib user32.lib gdi32.lib winspool.lib comdlg32.lib advapi32.lib shell32.lib ole32.lib oleaut32.lib uuid.lib odbc32.lib odbccp32.lib /MANIFEST /MANIFESTUAC:"level='asInvoker' uiAccess='false'" /manifest:embed /DEBUG /PDB:"C:\Users\ilyas\Desktop\COMP124_ANSI_C\VS_projects_solution\find_turkish_char\find_turkish_char\Debug\find_turkish_char.pdb" /SUBSYSTEM:CONSOLE /TLBID:1 /DYNAMICBASE /NXCOMPAT /IMPLIB:"C:\Users\ilyas\Desktop\COMP124_ANSI_C\VS_projects_solution\find_turkish_char\find_turkish_char\Debug\find_turkish_char.lib" /MACHINE:X86 Debug\main.obj
         find_turkish_char.vcxproj -> C:\Users\ilyas\Desktop\COMP124_ANSI_C\VS_projects_solution\find_turkish_char\find_turkish_char\Debug\find_turkish_char.exe
     1>Done Building Project "C:\Users\ilyas\Desktop\COMP124_ANSI_C\VS_projects_solution\find_turkish_char\find_turkish_char\find_turkish_char\find_turkish_char.vcxproj" (Build target(s)).

Build succeeded.

Time Elapsed 00:00:00.68
