  ogr.c
d:\comp124_ansi_c\comp124_exam_project\merve_ogr_kayit\ogrenci_kayit\ogr.c(11): warning C4101: 'i': unreferenced local variable
d:\comp124_ansi_c\comp124_exam_project\merve_ogr_kayit\ogrenci_kayit\ogr.c(98): warning C4244: '=': conversion from 'double' to 'float', possible loss of data
d:\comp124_ansi_c\comp124_exam_project\merve_ogr_kayit\ogrenci_kayit\ogr.c(110): warning C4474: 'fprintf' : too many arguments passed for format string
  d:\comp124_ansi_c\comp124_exam_project\merve_ogr_kayit\ogrenci_kayit\ogr.c(110): note: placeholders and their parameters expect 7 variadic arguments, but 8 were provided
d:\comp124_ansi_c\comp124_exam_project\merve_ogr_kayit\ogrenci_kayit\ogr.c(173): warning C4474: 'fprintf' : too many arguments passed for format string
  d:\comp124_ansi_c\comp124_exam_project\merve_ogr_kayit\ogrenci_kayit\ogr.c(173): note: placeholders and their parameters expect 6 variadic arguments, but 8 were provided
d:\comp124_ansi_c\comp124_exam_project\merve_ogr_kayit\ogrenci_kayit\ogr.c(258): warning C4477: 'fscanf' : format string '%u' requires an argument of type 'unsigned int *', but variadic argument 1 has type 'char *'
  d:\comp124_ansi_c\comp124_exam_project\merve_ogr_kayit\ogrenci_kayit\ogr.c(258): note: consider using '%hhu' in the format string
d:\comp124_ansi_c\comp124_exam_project\merve_ogr_kayit\ogrenci_kayit\ogr.c(258): warning C4477: 'fscanf' : format string '%f' requires an argument of type 'float *', but variadic argument 5 has type 'double'
d:\comp124_ansi_c\comp124_exam_project\merve_ogr_kayit\ogrenci_kayit\ogr.c(258): warning C4477: 'fscanf' : format string '%f' requires an argument of type 'float *', but variadic argument 6 has type 'double'
d:\comp124_ansi_c\comp124_exam_project\merve_ogr_kayit\ogrenci_kayit\ogr.c(258): warning C4477: 'fscanf' : format string '%f' requires an argument of type 'float *', but variadic argument 7 has type 'double'
d:\comp124_ansi_c\comp124_exam_project\merve_ogr_kayit\ogrenci_kayit\ogr.c(258): warning C4477: 'fscanf' : format string '%f' requires an argument of type 'float *', but variadic argument 8 has type 'double'
d:\comp124_ansi_c\comp124_exam_project\merve_ogr_kayit\ogrenci_kayit\ogr.c(275): warning C4018: '<': signed/unsigned mismatch
d:\comp124_ansi_c\comp124_exam_project\merve_ogr_kayit\ogrenci_kayit\ogr.c(277): warning C4018: '<': signed/unsigned mismatch
d:\comp124_ansi_c\comp124_exam_project\merve_ogr_kayit\ogrenci_kayit\ogr.c(339): warning C4018: '<': signed/unsigned mismatch
d:\comp124_ansi_c\comp124_exam_project\merve_ogr_kayit\ogrenci_kayit\ogr.c(344): warning C4477: 'printf' : format string '%u' requires an argument of type 'unsigned int', but variadic argument 1 has type 'char *'
d:\comp124_ansi_c\comp124_exam_project\merve_ogr_kayit\ogrenci_kayit\ogr.c(344): warning C4477: 'printf' : format string '%s' requires an argument of type 'char *', but variadic argument 3 has type 'double'
d:\comp124_ansi_c\comp124_exam_project\merve_ogr_kayit\ogrenci_kayit\ogr.c(344): warning C4477: 'printf' : format string '%s' requires an argument of type 'char *', but variadic argument 4 has type 'double'
d:\comp124_ansi_c\comp124_exam_project\merve_ogr_kayit\ogrenci_kayit\ogr.c(344): warning C4473: 'printf' : not enough arguments passed for format string
  d:\comp124_ansi_c\comp124_exam_project\merve_ogr_kayit\ogrenci_kayit\ogr.c(344): note: placeholders and their parameters expect 7 variadic arguments, but 6 were provided
  d:\comp124_ansi_c\comp124_exam_project\merve_ogr_kayit\ogrenci_kayit\ogr.c(344): note: the missing variadic argument 7 is required by format string '%.2f'
d:\comp124_ansi_c\comp124_exam_project\merve_ogr_kayit\ogrenci_kayit\ogr.c(371): warning C4018: '<': signed/unsigned mismatch
d:\comp124_ansi_c\comp124_exam_project\merve_ogr_kayit\ogrenci_kayit\ogr.c(388): warning C4018: '<': signed/unsigned mismatch
d:\comp124_ansi_c\comp124_exam_project\merve_ogr_kayit\ogrenci_kayit\ogr.c(392): warning C4778: 'printf' : unterminated format string '%.2\n'
d:\comp124_ansi_c\comp124_exam_project\merve_ogr_kayit\ogrenci_kayit\ogr.c(393): warning C4474: 'printf' : too many arguments passed for format string
  d:\comp124_ansi_c\comp124_exam_project\merve_ogr_kayit\ogrenci_kayit\ogr.c(393): note: placeholders and their parameters expect 7 variadic arguments, but 8 were provided
d:\comp124_ansi_c\comp124_exam_project\merve_ogr_kayit\ogrenci_kayit\ogr.c(398): warning C4778: 'printf' : unterminated format string '%.2\n'
d:\comp124_ansi_c\comp124_exam_project\merve_ogr_kayit\ogrenci_kayit\ogr.c(399): warning C4474: 'printf' : too many arguments passed for format string
  d:\comp124_ansi_c\comp124_exam_project\merve_ogr_kayit\ogrenci_kayit\ogr.c(399): note: placeholders and their parameters expect 7 variadic arguments, but 8 were provided
  ogrenci_kayit.vcxproj -> D:\COMP124_ANSI_C\comp124_exam_project\merve_ogr_kayit\ogrenci_kayit\Debug\ogrenci_kayit.exe
  ogrenci_kayit.vcxproj -> D:\COMP124_ANSI_C\comp124_exam_project\merve_ogr_kayit\ogrenci_kayit\Debug\ogrenci_kayit.pdb (Partial PDB)
